<?xml version="1.0" encoding="UTF-8"?>
<!-- Generated by org.testng.reporters.JUnitReportReporter -->
<testsuite hostname="Komalas-MBP.hsd1.il.comcast.net" failures="0" tests="2" name="browser" time="15.289" errors="0" timestamp="2022-03-23T16:42:37 CDT" skipped="0">
  <testcase classname="browser" name="verifybrowser" time="6.787"/>
  <system-out/>
  <testcase classname="browser" name="verifybrowser" time="8.502"/>
  <system-out/>
</testsuite> <!-- browser -->
